d:\уник\кпо\лабораторные работы\lab18\se_lab18\se_lab17\debug\vc143.pdb
d:\уник\кпо\лабораторные работы\lab18\se_lab18\se_lab17\debug\vc143.idb
d:\уник\кпо\лабораторные работы\lab18\se_lab18\se_lab17\debug\se_lab17.obj
d:\уник\кпо\лабораторные работы\lab18\se_lab18\se_lab17\debug\parm.obj
d:\уник\кпо\лабораторные работы\lab18\se_lab18\se_lab17\debug\out.obj
d:\уник\кпо\лабораторные работы\lab18\se_lab18\se_lab17\debug\mfst.obj
d:\уник\кпо\лабораторные работы\lab18\se_lab18\se_lab17\debug\lt.obj
d:\уник\кпо\лабораторные работы\lab18\se_lab18\se_lab17\debug\log.obj
d:\уник\кпо\лабораторные работы\lab18\se_lab18\se_lab17\debug\lexanalysis.obj
d:\уник\кпо\лабораторные работы\lab18\se_lab18\se_lab17\debug\it.obj
d:\уник\кпо\лабораторные работы\lab18\se_lab18\se_lab17\debug\in.obj
d:\уник\кпо\лабораторные работы\lab18\se_lab18\se_lab17\debug\grb.obj
d:\уник\кпо\лабораторные работы\lab18\se_lab18\se_lab17\debug\fst.obj
d:\уник\кпо\лабораторные работы\lab18\se_lab18\se_lab17\debug\error.obj
d:\уник\кпо\лабораторные работы\lab18\se_lab18\debug\se_lab17.exe
d:\уник\кпо\лабораторные работы\lab18\se_lab18\se_lab17\debug\se_lab17.ilk
d:\уник\кпо\лабораторные работы\lab18\se_lab18\debug\se_lab17.pdb
d:\уник\кпо\лабораторные работы\lab18\se_lab18\se_lab17\debug\se_lab17.tlog\cl.command.1.tlog
d:\уник\кпо\лабораторные работы\lab18\se_lab18\se_lab17\debug\se_lab17.tlog\cl.items.tlog
d:\уник\кпо\лабораторные работы\lab18\se_lab18\se_lab17\debug\se_lab17.tlog\cl.read.1.tlog
d:\уник\кпо\лабораторные работы\lab18\se_lab18\se_lab17\debug\se_lab17.tlog\cl.write.1.tlog
d:\уник\кпо\лабораторные работы\lab18\se_lab18\se_lab17\debug\se_lab17.tlog\link.command.1.tlog
d:\уник\кпо\лабораторные работы\lab18\se_lab18\se_lab17\debug\se_lab17.tlog\link.read.1.tlog
d:\уник\кпо\лабораторные работы\lab18\se_lab18\se_lab17\debug\se_lab17.tlog\link.write.1.tlog
