  Error.cpp
  FST.cpp
D:\уник\кпо\лабораторные работы\lab18\SE_Lab18\SE_Lab17\FST.cpp(62,17): warning C4267: инициализация: преобразование из "size_t" в "short"; возможна потеря данных
  GRB.cpp
  In.cpp
  IT.cpp
D:\уник\кпо\лабораторные работы\lab18\SE_Lab18\SE_Lab17\IT.cpp(79,32): warning C4267: =: преобразование из "size_t" в "unsigned char"; возможна потеря данных
D:\уник\кпо\лабораторные работы\lab18\SE_Lab18\SE_Lab17\IT.cpp(99,32): warning C4267: =: преобразование из "size_t" в "unsigned char"; возможна потеря данных
  LexAnalysis.cpp
D:\уник\кпо\лабораторные работы\lab18\SE_Lab18\SE_Lab17\LexAnalysis.cpp(80,17): warning C4305: =: усечение из "int" в "char"
D:\уник\кпо\лабораторные работы\lab18\SE_Lab18\SE_Lab17\LexAnalysis.cpp(80,17): warning C4309: =: усечение константного значения
  Log.cpp
  LT.cpp
  MFST.cpp
D:\уник\кпо\лабораторные работы\lab18\SE_Lab18\SE_Lab17\MFST.cpp(236,66): warning C4267: =: преобразование из "size_t" в "short"; возможна потеря данных
  Out.cpp
  Parm.cpp
  SE_Lab17.cpp
  Создание кода...
D:\уник\кпо\лабораторные работы\lab18\SE_Lab18\SE_Lab17\LT.cpp(23): warning C4715: LT::LexTable::GetEntry: значение возвращается не при всех путях выполнения
D:\уник\кпо\лабораторные работы\lab18\SE_Lab18\SE_Lab17\IT.cpp(160): warning C4715: IT::IdTable::GetEntry: значение возвращается не при всех путях выполнения
D:\уник\кпо\лабораторные работы\lab18\SE_Lab18\SE_Lab17\IT.cpp(196): warning C4172: возвращение адреса локальной или временной переменной : tempBuf
  SE_Lab17.vcxproj -> D:\уник\кпо\лабораторные работы\lab18\SE_Lab18\Debug\SE_Lab17.exe
