d:\уник\кпо\лабораторные работы\lab20\se_lab20\se_lab20\debug\vc143.pdb
d:\уник\кпо\лабораторные работы\lab20\se_lab20\se_lab20\debug\vc143.idb
d:\уник\кпо\лабораторные работы\lab20\se_lab20\se_lab20\debug\se_lab20.obj
d:\уник\кпо\лабораторные работы\lab20\se_lab20\se_lab20\debug\polishnotation.obj
d:\уник\кпо\лабораторные работы\lab20\se_lab20\se_lab20\debug\parm.obj
d:\уник\кпо\лабораторные работы\lab20\se_lab20\se_lab20\debug\out.obj
d:\уник\кпо\лабораторные работы\lab20\se_lab20\se_lab20\debug\mfst.obj
d:\уник\кпо\лабораторные работы\lab20\se_lab20\se_lab20\debug\lt.obj
d:\уник\кпо\лабораторные работы\lab20\se_lab20\se_lab20\debug\log.obj
d:\уник\кпо\лабораторные работы\lab20\se_lab20\se_lab20\debug\lexanalysis.obj
d:\уник\кпо\лабораторные работы\lab20\se_lab20\se_lab20\debug\it.obj
d:\уник\кпо\лабораторные работы\lab20\se_lab20\se_lab20\debug\in.obj
d:\уник\кпо\лабораторные работы\lab20\se_lab20\se_lab20\debug\grb.obj
d:\уник\кпо\лабораторные работы\lab20\se_lab20\se_lab20\debug\fst.obj
d:\уник\кпо\лабораторные работы\lab20\se_lab20\se_lab20\debug\error.obj
d:\уник\кпо\лабораторные работы\lab20\se_lab20\se_lab20\debug\se_lab20.ilk
d:\уник\кпо\лабораторные работы\lab20\se_lab20\debug\se_lab20.exe
d:\уник\кпо\лабораторные работы\lab20\se_lab20\debug\se_lab20.pdb
d:\уник\кпо\лабораторные работы\lab20\se_lab20\se_lab20\debug\se_lab20.tlog\cl.command.1.tlog
d:\уник\кпо\лабораторные работы\lab20\se_lab20\se_lab20\debug\se_lab20.tlog\cl.items.tlog
d:\уник\кпо\лабораторные работы\lab20\se_lab20\se_lab20\debug\se_lab20.tlog\cl.read.1.tlog
d:\уник\кпо\лабораторные работы\lab20\se_lab20\se_lab20\debug\se_lab20.tlog\cl.write.1.tlog
d:\уник\кпо\лабораторные работы\lab20\se_lab20\se_lab20\debug\se_lab20.tlog\link.command.1.tlog
d:\уник\кпо\лабораторные работы\lab20\se_lab20\se_lab20\debug\se_lab20.tlog\link.read.1.tlog
d:\уник\кпо\лабораторные работы\lab20\se_lab20\se_lab20\debug\se_lab20.tlog\link.write.1.tlog
