Microsoft (R) Macro Assembler (x64) Version 14.37.32822.0   10/21/23 01:43:03
asm01.asm						     Page 1 - 1


				.586P													; тип процессора - Intel
asm01.asm(1) : error A2008:syntax error : .
				.MODEL FLAT, STDCALL									; модель памяти - плоская
asm01.asm(2) : error A2008:syntax error : .
				includelib kernel32.lib

				ExitProcess PROTO : DWORD								; прототип ф-ии завершения процесса
				MessageBoxA PROTO : DWORD, : DWORD, : DWORD, : DWORD	; прототип API-функции

				.STACK 4096												; выделение 4мб стека
asm01.asm(8) : error A2008:syntax error : .

 00000000			.CONST													; сегмент констант

 00000000			.DATA
 = 00000000			MB_OK	EQU 0											; EQU - константа
 00000000 C2 ED E8 EC E0	STR1	DB "Внимание", 0								; строка размером 1 байт
	   ED E8 E5 00
 00000009 D1 EF E0 F1 E8	STR2	DB "Спасибо за внимание", 0
	   E1 EE 20 E7 E0
	   20 E2 ED E8 EC
	   E0 ED E8 E5 00
 0000001D 00000000		HW		DD ?											; неинициализированное двойное слово 4 байта

 00000000			.CODE													; сегмент кода

 00000000			main PROC
 00000000			START :													; метка начала
						;PUSH MB_OK;
						;PUSH OFFSET STR1;
						;PUSH OFFSET STR2;
						;PUSH HW;
						;CALL MessageBoxA;

						INVOKE MessageBoxA, HW, OFFSET STR2, OFFSET STR1, MB_OK
asm01.asm(28) : error A2008:syntax error : MessageBoxA

 00000000  6A FF			push - 1
 00000002  E8 00000000 E		call ExitProcess

 00000007			main ENDP
				end main
Microsoft (R) Macro Assembler (x64) Version 14.37.32822.0   10/21/23 01:43:03
asm01.asm						     Symbols 2 - 1




Segments:

                N a m e                  Length   Align   Class

CONST  . . . . . . . . . . . . .	 00000000 16	  'CONST'	 ReadOnly


Procedures, parameters, and locals:

                N a m e                 Type     Value    Attr

ExitProcess  . . . . . . . . . .	P 	 00000000 Length= 00000000 External
MessageBoxA  . . . . . . . . . .	P 	 00000000 Length= 00000000 External
main . . . . . . . . . . . . . .	P 	 00000000 _TEXT	Length= 00000007 Public
  START  . . . . . . . . . . . .	L 	 00000000 _TEXT	


Symbols:

                N a m e                 Type     Value    Attr

HW . . . . . . . . . . . . . . .	DWord	 0000001D _DATA	
MB_OK  . . . . . . . . . . . . .	Number	 00000000h   
STR1 . . . . . . . . . . . . . .	Byte	 00000000 _DATA	
STR2 . . . . . . . . . . . . . .	Byte	 00000009 _DATA	

	   0 Warnings
	   6 Errors
