Сборка начата 02.05.2023 0:11:22.
Уровень детализации журнала: Normal.     1>Проект "D:\уник\кпо\лабораторные работы\lab6\SE_Lab07L\SE_Lab07L\SE_Lab07L.vcxproj" в узле 2 (целевые объекты Rebuild).
     1>_PrepareForClean:
         Файл "Debug\SE_Lab07L.tlog\SE_Lab07L.lastbuildstate" удаляется.
       InitializeBuildStatus:
         Создание "Debug\SE_Lab07L.tlog\unsuccessfulbuild", так как было задано "AlwaysCreate".
       ClCompile:
         C:\Program Files (x86)\Microsoft Visual Studio\2019\Community\VC\Tools\MSVC\14.29.30133\bin\HostX86\x86\CL.exe /c /ZI /JMC /nologo /W3 /WX- /diagnostics:column /sdl /Od /Oy- /D WIN32 /D _DEBUG /D _LIB /D _UNICODE /D UNICODE /Gm- /EHsc /RTC1 /MDd /GS /fp:precise /permissive- /Zc:wchar_t /Zc:forScope /Zc:inline /Fo"Debug\\" /Fd"D:\уник\кпо\лабораторные работы\lab6\SE_Lab07L\Debug\SE_Lab07L.pdb" /external:W3 /Gd /TP /analyze- /FC /errorReport:prompt Dictionary.cpp
         Dictionary.cpp
     1>D:\уник\кпо\лабораторные работы\lab6\SE_Lab07L\SE_Lab07L\Dictionary.cpp(62): warning C4715: Dictionary::GetEntry: значение возвращается не при всех путях выполнения
       Lib:
         C:\Program Files (x86)\Microsoft Visual Studio\2019\Community\VC\Tools\MSVC\14.29.30133\bin\HostX86\x86\Lib.exe /OUT:"D:\уник\кпо\лабораторные работы\lab6\SE_Lab07L\Debug\SE_Lab07L.lib" /NOLOGO /MACHINE:X86 Debug\Dictionary.obj
         SE_Lab07L.vcxproj -> D:\уник\кпо\лабораторные работы\lab6\SE_Lab07L\Debug\SE_Lab07L.lib
       FinalizeBuildStatus:
         Файл "Debug\SE_Lab07L.tlog\unsuccessfulbuild" удаляется.
         Обращение к "Debug\SE_Lab07L.tlog\SE_Lab07L.lastbuildstate".
     1>Сборка проекта "D:\уник\кпо\лабораторные работы\lab6\SE_Lab07L\SE_Lab07L\SE_Lab07L.vcxproj" завершена (целевые объекты Rebuild).

Сборка успешно завершена.

       "D:\уник\кпо\лабораторные работы\lab6\SE_Lab07L\SE_Lab07L\SE_Lab07L.vcxproj" (целевой объект Rebuild ) (1) ->
       (Целевой объект ClCompile) -> 
         D:\уник\кпо\лабораторные работы\lab6\SE_Lab07L\SE_Lab07L\Dictionary.cpp(62): warning C4715: Dictionary::GetEntry: значение возвращается не при всех путях выполнения

    Предупреждений: 1
    Ошибок: 0

Прошло времени 00:00:03.15
