Сборка начата 02.05.2023 0:11:22.
Уровень детализации журнала: Normal.     1>Проект "D:\уник\кпо\лабораторные работы\lab6\SE_Lab07L\SE_lab06S\SE_lab06S.vcxproj" в узле 3 (целевые объекты Rebuild).
     1>_PrepareForClean:
         Файл "Debug\SE_lab06S.tlog\SE_lab06S.lastbuildstate" удаляется.
       InitializeBuildStatus:
         Создание "Debug\SE_lab06S.tlog\unsuccessfulbuild", так как было задано "AlwaysCreate".
       ClCompile:
         C:\Program Files (x86)\Microsoft Visual Studio\2019\Community\VC\Tools\MSVC\14.29.30133\bin\HostX86\x86\CL.exe /c /ZI /JMC /nologo /W3 /WX- /diagnostics:column /sdl /Od /Oy- /D WIN32 /D _DEBUG /D _CONSOLE /D _UNICODE /D UNICODE /Gm- /EHsc /RTC1 /MDd /GS /fp:precise /permissive- /Zc:wchar_t /Zc:forScope /Zc:inline /Fo"Debug\\" /Fd"Debug\vc142.pdb" /external:W3 /Gd /TP /analyze- /FC /errorReport:prompt SE_lab06S.cpp
         SE_lab06S.cpp
       Link:
         C:\Program Files (x86)\Microsoft Visual Studio\2019\Community\VC\Tools\MSVC\14.29.30133\bin\HostX86\x86\link.exe /ERRORREPORT:PROMPT /OUT:"D:\уник\кпо\лабораторные работы\lab6\SE_Lab07L\Debug\SE_lab06S.exe" /INCREMENTAL /ILK:"Debug\SE_lab06S.ilk" /NOLOGO kernel32.lib user32.lib gdi32.lib winspool.lib comdlg32.lib advapi32.lib shell32.lib ole32.lib oleaut32.lib uuid.lib odbc32.lib odbccp32.lib /MANIFEST /MANIFESTUAC:"level='asInvoker' uiAccess='false'" /manifest:embed /DEBUG /PDB:"D:\уник\кпо\лабораторные работы\lab6\SE_Lab07L\Debug\SE_lab06S.pdb" /SUBSYSTEM:CONSOLE /TLBID:1 /DYNAMICBASE /NXCOMPAT /IMPLIB:"D:\уник\кпо\лабораторные работы\lab6\SE_Lab07L\Debug\SE_lab06S.lib" /MACHINE:X86 Debug\SE_lab06S.obj
         SE_lab06S.vcxproj -> D:\уник\кпо\лабораторные работы\lab6\SE_Lab07L\Debug\SE_lab06S.exe
       FinalizeBuildStatus:
         Файл "Debug\SE_lab06S.tlog\unsuccessfulbuild" удаляется.
         Обращение к "Debug\SE_lab06S.tlog\SE_lab06S.lastbuildstate".
     1>Сборка проекта "D:\уник\кпо\лабораторные работы\lab6\SE_Lab07L\SE_lab06S\SE_lab06S.vcxproj" завершена (целевые объекты Rebuild).

Сборка успешно завершена.
    Предупреждений: 0
    Ошибок: 0

Прошло времени 00:00:04.31
