  Error.cpp
D:\уник\кпо\лабораторные работы\лаба 14\SE_Lab14\SE_Lab14\Log.h(12,8): error C2039: "ofstream": не является членом "std".
D:\уник\кпо\лабораторные работы\лаба 14\SE_Lab14\SE_Lab14\predefined C++ types (compiler internal)(347,11): message : см. объявление "std"
D:\уник\кпо\лабораторные работы\лаба 14\SE_Lab14\SE_Lab14\Log.h(12,16): error C2143: синтаксическая ошибка: отсутствие ";" перед "*"
D:\уник\кпо\лабораторные работы\лаба 14\SE_Lab14\SE_Lab14\Log.h(12,16): error C4430: отсутствует спецификатор типа - предполагается int. Примечание. C++ не поддерживает int по умолчанию
D:\уник\кпо\лабораторные работы\лаба 14\SE_Lab14\SE_Lab14\Log.h(12,24): error C2238: непредвиденные лексемы перед ";"
D:\уник\кпо\лабораторные работы\лаба 14\SE_Lab14\SE_Lab14\Log.h(15,33): error C2065: NULL: необъявленный идентификатор
D:\уник\кпо\лабораторные работы\лаба 14\SE_Lab14\SE_Lab14\Log.h(15,33): error C2078: слишком много инициализаторов
  In.cpp
D:\уник\кпо\лабораторные работы\лаба 14\SE_Lab14\SE_Lab14\Log.h(12,8): error C2039: "ofstream": не является членом "std".
D:\уник\кпо\лабораторные работы\лаба 14\SE_Lab14\SE_Lab14\predefined C++ types (compiler internal)(347,11): message : см. объявление "std"
D:\уник\кпо\лабораторные работы\лаба 14\SE_Lab14\SE_Lab14\Log.h(12,16): error C2143: синтаксическая ошибка: отсутствие ";" перед "*"
D:\уник\кпо\лабораторные работы\лаба 14\SE_Lab14\SE_Lab14\Log.h(12,16): error C4430: отсутствует спецификатор типа - предполагается int. Примечание. C++ не поддерживает int по умолчанию
D:\уник\кпо\лабораторные работы\лаба 14\SE_Lab14\SE_Lab14\Log.h(12,24): error C2238: непредвиденные лексемы перед ";"
D:\уник\кпо\лабораторные работы\лаба 14\SE_Lab14\SE_Lab14\Log.h(15,33): error C2065: NULL: необъявленный идентификатор
D:\уник\кпо\лабораторные работы\лаба 14\SE_Lab14\SE_Lab14\Log.h(15,33): error C2078: слишком много инициализаторов
D:\уник\кпо\лабораторные работы\лаба 14\SE_Lab14\SE_Lab14\In.cpp(16,8): error C2039: "fstream": не является членом "std".
D:\уник\кпо\лабораторные работы\лаба 14\SE_Lab14\SE_Lab14\predefined C++ types (compiler internal)(347,11): message : см. объявление "std"
D:\уник\кпо\лабораторные работы\лаба 14\SE_Lab14\SE_Lab14\In.cpp(16,8): error C2065: fstream: необъявленный идентификатор
D:\уник\кпо\лабораторные работы\лаба 14\SE_Lab14\SE_Lab14\In.cpp(16,16): error C2146: синтаксическая ошибка: отсутствие ";" перед идентификатором "file"
D:\уник\кпо\лабораторные работы\лаба 14\SE_Lab14\SE_Lab14\In.cpp(16,34): error C3083: fstream: символ слева от "::" должен представлять тип
D:\уник\кпо\лабораторные работы\лаба 14\SE_Lab14\SE_Lab14\In.cpp(16,43): error C2039: "in": не является членом "std".
D:\уник\кпо\лабораторные работы\лаба 14\SE_Lab14\SE_Lab14\predefined C++ types (compiler internal)(347,11): message : см. объявление "std"
D:\уник\кпо\лабораторные работы\лаба 14\SE_Lab14\SE_Lab14\In.cpp(16,16): error C3861: file: идентификатор не найден
D:\уник\кпо\лабораторные работы\лаба 14\SE_Lab14\SE_Lab14\In.cpp(19,8): error C2065: file: необъявленный идентификатор
D:\уник\кпо\лабораторные работы\лаба 14\SE_Lab14\SE_Lab14\In.cpp(23,11): error C2065: file: необъявленный идентификатор
D:\уник\кпо\лабораторные работы\лаба 14\SE_Lab14\SE_Lab14\In.cpp(27,4): error C2065: file: необъявленный идентификатор
D:\уник\кпо\лабораторные работы\лаба 14\SE_Lab14\SE_Lab14\In.cpp(28,24): error C3861: strlen: идентификатор не найден
D:\уник\кпо\лабораторные работы\лаба 14\SE_Lab14\SE_Lab14\In.cpp(52,8): error C3861: strlen: идентификатор не найден
D:\уник\кпо\лабораторные работы\лаба 14\SE_Lab14\SE_Lab14\In.cpp(53,8): error C3861: strlen: идентификатор не найден
D:\уник\кпо\лабораторные работы\лаба 14\SE_Lab14\SE_Lab14\In.cpp(55,24): error C3861: strlen: идентификатор не найден
D:\уник\кпо\лабораторные работы\лаба 14\SE_Lab14\SE_Lab14\In.cpp(66,3): error C2065: file: необъявленный идентификатор
D:\уник\кпо\лабораторные работы\лаба 14\SE_Lab14\SE_Lab14\In.cpp(73,27): error C3861: strlen: идентификатор не найден
  Log.cpp
D:\уник\кпо\лабораторные работы\лаба 14\SE_Lab14\SE_Lab14\Log.h(12,8): error C2039: "ofstream": не является членом "std".
D:\уник\кпо\лабораторные работы\лаба 14\SE_Lab14\SE_Lab14\predefined C++ types (compiler internal)(347,11): message : см. объявление "std"
D:\уник\кпо\лабораторные работы\лаба 14\SE_Lab14\SE_Lab14\Log.h(12,16): error C2143: синтаксическая ошибка: отсутствие ";" перед "*"
D:\уник\кпо\лабораторные работы\лаба 14\SE_Lab14\SE_Lab14\Log.h(12,16): error C4430: отсутствует спецификатор типа - предполагается int. Примечание. C++ не поддерживает int по умолчанию
D:\уник\кпо\лабораторные работы\лаба 14\SE_Lab14\SE_Lab14\Log.h(12,24): error C2238: непредвиденные лексемы перед ";"
D:\уник\кпо\лабораторные работы\лаба 14\SE_Lab14\SE_Lab14\Log.h(15,33): error C2065: NULL: необъявленный идентификатор
D:\уник\кпо\лабораторные работы\лаба 14\SE_Lab14\SE_Lab14\Log.h(15,33): error C2078: слишком много инициализаторов
D:\уник\кпо\лабораторные работы\лаба 14\SE_Lab14\SE_Lab14\Log.cpp(9,7): error C2039: "stream": не является членом "Log::LOG".
D:\уник\кпо\лабораторные работы\лаба 14\SE_Lab14\SE_Lab14\Log.h(9,9): message : см. объявление "Log::LOG"
D:\уник\кпо\лабораторные работы\лаба 14\SE_Lab14\SE_Lab14\Log.cpp(9,25): error C2039: "ofstream": не является членом "std".
D:\уник\кпо\лабораторные работы\лаба 14\SE_Lab14\SE_Lab14\predefined C++ types (compiler internal)(347,11): message : см. объявление "std"
D:\уник\кпо\лабораторные работы\лаба 14\SE_Lab14\SE_Lab14\Log.cpp(9,25): error C2061: синтаксическая ошибка: идентификатор "ofstream"
D:\уник\кпо\лабораторные работы\лаба 14\SE_Lab14\SE_Lab14\Log.cpp(10,7): error C2039: "stream": не является членом "Log::LOG".
D:\уник\кпо\лабораторные работы\лаба 14\SE_Lab14\SE_Lab14\Log.h(9,9): message : см. объявление "Log::LOG"
D:\уник\кпо\лабораторные работы\лаба 14\SE_Lab14\SE_Lab14\Log.cpp(11,12): error C2039: "stream": не является членом "Log::LOG".
D:\уник\кпо\лабораторные работы\лаба 14\SE_Lab14\SE_Lab14\Log.h(9,9): message : см. объявление "Log::LOG"
D:\уник\кпо\лабораторные работы\лаба 14\SE_Lab14\SE_Lab14\Log.cpp(15,3): error C3861: wcscpy_s: идентификатор не найден
D:\уник\кпо\лабораторные работы\лаба 14\SE_Lab14\SE_Lab14\Log.cpp(24,9): error C2039: "stream": не является членом "Log::LOG".
D:\уник\кпо\лабораторные работы\лаба 14\SE_Lab14\SE_Lab14\Log.h(9,9): message : см. объявление "Log::LOG"
D:\уник\кпо\лабораторные работы\лаба 14\SE_Lab14\SE_Lab14\Log.cpp(27,8): error C2039: "stream": не является членом "Log::LOG".
D:\уник\кпо\лабораторные работы\лаба 14\SE_Lab14\SE_Lab14\Log.h(9,9): message : см. объявление "Log::LOG"
D:\уник\кпо\лабораторные работы\лаба 14\SE_Lab14\SE_Lab14\Log.cpp(27,23): error C2039: "endl": не является членом "std".
D:\уник\кпо\лабораторные работы\лаба 14\SE_Lab14\SE_Lab14\predefined C++ types (compiler internal)(347,11): message : см. объявление "std"
D:\уник\кпо\лабораторные работы\лаба 14\SE_Lab14\SE_Lab14\Log.cpp(27,23): error C2065: endl: необъявленный идентификатор
D:\уник\кпо\лабораторные работы\лаба 14\SE_Lab14\SE_Lab14\Log.cpp(37,4): error C3861: wcstombs_s: идентификатор не найден
D:\уник\кпо\лабораторные работы\лаба 14\SE_Lab14\SE_Lab14\Log.cpp(38,4): error C3861: strcat_s: идентификатор не найден
D:\уник\кпо\лабораторные работы\лаба 14\SE_Lab14\SE_Lab14\Log.cpp(41,8): error C2039: "stream": не является членом "Log::LOG".
D:\уник\кпо\лабораторные работы\лаба 14\SE_Lab14\SE_Lab14\Log.h(9,9): message : см. объявление "Log::LOG"
D:\уник\кпо\лабораторные работы\лаба 14\SE_Lab14\SE_Lab14\Log.cpp(46,3): error C2065: tm: необъявленный идентификатор
D:\уник\кпо\лабораторные работы\лаба 14\SE_Lab14\SE_Lab14\Log.cpp(46,6): error C2146: синтаксическая ошибка: отсутствие ";" перед идентификатором "local"
D:\уник\кпо\лабораторные работы\лаба 14\SE_Lab14\SE_Lab14\Log.cpp(46,6): error C2065: local: необъявленный идентификатор
D:\уник\кпо\лабораторные работы\лаба 14\SE_Lab14\SE_Lab14\Log.cpp(47,3): error C2065: time_t: необъявленный идентификатор
D:\уник\кпо\лабораторные работы\лаба 14\SE_Lab14\SE_Lab14\Log.cpp(47,10): error C2146: синтаксическая ошибка: отсутствие ";" перед идентификатором "currentTime"
D:\уник\кпо\лабораторные работы\лаба 14\SE_Lab14\SE_Lab14\Log.cpp(47,10): error C2065: currentTime: необъявленный идентификатор
D:\уник\кпо\лабораторные работы\лаба 14\SE_Lab14\SE_Lab14\Log.cpp(48,3): error C2065: currentTime: необъявленный идентификатор
D:\уник\кпо\лабораторные работы\лаба 14\SE_Lab14\SE_Lab14\Log.cpp(48,22): error C2065: NULL: необъявленный идентификатор
D:\уник\кпо\лабораторные работы\лаба 14\SE_Lab14\SE_Lab14\Log.cpp(48,17): error C3861: time: идентификатор не найден
D:\уник\кпо\лабораторные работы\лаба 14\SE_Lab14\SE_Lab14\Log.cpp(49,16): error C2065: local: необъявленный идентификатор
D:\уник\кпо\лабораторные работы\лаба 14\SE_Lab14\SE_Lab14\Log.cpp(49,24): error C2065: currentTime: необъявленный идентификатор
D:\уник\кпо\лабораторные работы\лаба 14\SE_Lab14\SE_Lab14\Log.cpp(49,3): error C3861: localtime_s: идентификатор не найден
D:\уник\кпо\лабораторные работы\лаба 14\SE_Lab14\SE_Lab14\Log.cpp(50,45): error C2065: local: необъявленный идентификатор
D:\уник\кпо\лабораторные работы\лаба 14\SE_Lab14\SE_Lab14\Log.cpp(50,3): error C3861: strftime: идентификатор не найден
D:\уник\кпо\лабораторные работы\лаба 14\SE_Lab14\SE_Lab14\Log.cpp(51,8): error C2039: "stream": не является членом "Log::LOG".
D:\уник\кпо\лабораторные работы\лаба 14\SE_Lab14\SE_Lab14\Log.h(9,9): message : см. объявление "Log::LOG"
D:\уник\кпо\лабораторные работы\лаба 14\SE_Lab14\SE_Lab14\Log.cpp(51,67): error C2065: endl: необъявленный идентификатор
D:\уник\кпо\лабораторные работы\лаба 14\SE_Lab14\SE_Lab14\Log.cpp(59,8): error C2039: "stream": не является членом "Log::LOG".
D:\уник\кпо\лабораторные работы\лаба 14\SE_Lab14\SE_Lab14\Log.h(9,9): message : см. объявление "Log::LOG"
D:\уник\кпо\лабораторные работы\лаба 14\SE_Lab14\SE_Lab14\Log.cpp(59,54): error C2065: endl: необъявленный идентификатор
D:\уник\кпо\лабораторные работы\лаба 14\SE_Lab14\SE_Lab14\Log.cpp(60,3): error C3861: wcstombs_s: идентификатор не найден
D:\уник\кпо\лабораторные работы\лаба 14\SE_Lab14\SE_Lab14\Log.cpp(61,8): error C2039: "stream": не является членом "Log::LOG".
D:\уник\кпо\лабораторные работы\лаба 14\SE_Lab14\SE_Lab14\Log.h(9,9): message : см. объявление "Log::LOG"
D:\уник\кпо\лабораторные работы\лаба 14\SE_Lab14\SE_Lab14\Log.cpp(61,38): error C2065: endl: необъявленный идентификатор
D:\уник\кпо\лабораторные работы\лаба 14\SE_Lab14\SE_Lab14\Log.cpp(62,3): error C3861: wcstombs_s: идентификатор не найден
D:\уник\кпо\лабораторные работы\лаба 14\SE_Lab14\SE_Lab14\Log.cpp(63,8): error C2039: "stream": не является членом "Log::LOG".
D:\уник\кпо\лабораторные работы\лаба 14\SE_Lab14\SE_Lab14\Log.h(9,9): message : см. объявление "Log::LOG"
D:\уник\кпо\лабораторные работы\лаба 14\SE_Lab14\SE_Lab14\Log.cpp(63,38): error C2065: endl: необъявленный идентификатор
D:\уник\кпо\лабораторные работы\лаба 14\SE_Lab14\SE_Lab14\Log.cpp(64,3): error C3861: wcstombs_s: идентификатор не найден
D:\уник\кпо\лабораторные работы\лаба 14\SE_Lab14\SE_Lab14\Log.cpp(65,8): error C2039: "stream": не является членом "Log::LOG".
D:\уник\кпо\лабораторные работы\лаба 14\SE_Lab14\SE_Lab14\Log.h(9,9): message : см. объявление "Log::LOG"
D:\уник\кпо\лабораторные работы\лаба 14\SE_Lab14\SE_Lab14\Log.cpp(65,37): error C2065: endl: необъявленный идентификатор
D:\уник\кпо\лабораторные работы\лаба 14\SE_Lab14\SE_Lab14\Log.cpp(69,8): error C2039: "stream": не является членом "Log::LOG".
D:\уник\кпо\лабораторные работы\лаба 14\SE_Lab14\SE_Lab14\Log.h(9,9): message : см. объявление "Log::LOG"
D:\уник\кпо\лабораторные работы\лаба 14\SE_Lab14\SE_Lab14\Log.cpp(69,65): error C2065: endl: необъявленный идентификатор
D:\уник\кпо\лабораторные работы\лаба 14\SE_Lab14\SE_Lab14\Log.cpp(70,8): error C2039: "stream": не является членом "Log::LOG".
D:\уник\кпо\лабораторные работы\лаба 14\SE_Lab14\SE_Lab14\Log.h(9,9): message : см. объявление "Log::LOG"
D:\уник\кпо\лабораторные работы\лаба 14\SE_Lab14\SE_Lab14\Log.cpp(70,74): error C2065: endl: необъявленный идентификатор
D:\уник\кпо\лабораторные работы\лаба 14\SE_Lab14\SE_Lab14\Log.cpp(71,8): error C2039: "stream": не является членом "Log::LOG".
D:\уник\кпо\лабораторные работы\лаба 14\SE_Lab14\SE_Lab14\Log.h(9,9): message : см. объявление "Log::LOG"
D:\уник\кпо\лабораторные работы\лаба 14\SE_Lab14\SE_Lab14\Log.cpp(71,74): error C2065: endl: необъявленный идентификатор
D:\уник\кпо\лабораторные работы\лаба 14\SE_Lab14\SE_Lab14\Log.cpp(72,8): error C2039: "stream": не является членом "Log::LOG".
D:\уник\кпо\лабораторные работы\лаба 14\SE_Lab14\SE_Lab14\Log.h(9,9): message : см. объявление "Log::LOG"
D:\уник\кпо\лабораторные работы\лаба 14\SE_Lab14\SE_Lab14\Log.cpp(72,72): error C2065: endl: необъявленный идентификатор
D:\уник\кпо\лабораторные работы\лаба 14\SE_Lab14\SE_Lab14\Log.cpp(78,8): error C2039: "stream": не является членом "Log::LOG".
D:\уник\кпо\лабораторные работы\лаба 14\SE_Lab14\SE_Lab14\Log.h(9,9): message : см. объявление "Log::LOG"
D:\уник\кпо\лабораторные работы\лаба 14\SE_Lab14\SE_Lab14\Log.cpp(78,45): error C2065: endl: необъявленный идентификатор
D:\уник\кпо\лабораторные работы\лаба 14\SE_Lab14\SE_Lab14\Log.cpp(79,8): error C2039: "stream": не является членом "Log::LOG".
D:\уник\кпо\лабораторные работы\лаба 14\SE_Lab14\SE_Lab14\Log.h(9,9): message : см. объявление "Log::LOG"
D:\уник\кпо\лабораторные работы\лаба 14\SE_Lab14\SE_Lab14\Log.cpp(79,73): error C2065: endl: необъявленный идентификатор
D:\уник\кпо\лабораторные работы\лаба 14\SE_Lab14\SE_Lab14\Log.cpp(83,9): error C2039: "stream": не является членом "Log::LOG".
D:\уник\кпо\лабораторные работы\лаба 14\SE_Lab14\SE_Lab14\Log.h(9,9): message : см. объявление "Log::LOG"
D:\уник\кпо\лабораторные работы\лаба 14\SE_Lab14\SE_Lab14\Log.cpp(83,98): error C2065: endl: необъявленный идентификатор
D:\уник\кпо\лабораторные работы\лаба 14\SE_Lab14\SE_Lab14\Log.cpp(83,106): error C2065: endl: необъявленный идентификатор
D:\уник\кпо\лабораторные работы\лаба 14\SE_Lab14\SE_Lab14\Log.cpp(89,7): error C2039: "stream": не является членом "Log::LOG".
D:\уник\кпо\лабораторные работы\лаба 14\SE_Lab14\SE_Lab14\Log.h(9,9): message : см. объявление "Log::LOG"
D:\уник\кпо\лабораторные работы\лаба 14\SE_Lab14\SE_Lab14\Log.cpp(90,14): error C2039: "stream": не является членом "Log::LOG".
D:\уник\кпо\лабораторные работы\лаба 14\SE_Lab14\SE_Lab14\Log.h(9,9): message : см. объявление "Log::LOG"
  Parm.cpp
D:\уник\кпо\лабораторные работы\лаба 14\SE_Lab14\SE_Lab14\Log.h(12,8): error C2039: "ofstream": не является членом "std".
D:\уник\кпо\лабораторные работы\лаба 14\SE_Lab14\SE_Lab14\predefined C++ types (compiler internal)(347,11): message : см. объявление "std"
D:\уник\кпо\лабораторные работы\лаба 14\SE_Lab14\SE_Lab14\Log.h(12,16): error C2143: синтаксическая ошибка: отсутствие ";" перед "*"
D:\уник\кпо\лабораторные работы\лаба 14\SE_Lab14\SE_Lab14\Log.h(12,16): error C4430: отсутствует спецификатор типа - предполагается int. Примечание. C++ не поддерживает int по умолчанию
D:\уник\кпо\лабораторные работы\лаба 14\SE_Lab14\SE_Lab14\Log.h(12,24): error C2238: непредвиденные лексемы перед ";"
D:\уник\кпо\лабораторные работы\лаба 14\SE_Lab14\SE_Lab14\Log.h(15,33): error C2065: NULL: необъявленный идентификатор
D:\уник\кпо\лабораторные работы\лаба 14\SE_Lab14\SE_Lab14\Log.h(15,33): error C2078: слишком много инициализаторов
D:\уник\кпо\лабораторные работы\лаба 14\SE_Lab14\SE_Lab14\Parm.cpp(20,8): error C3861: wcslen: идентификатор не найден
D:\уник\кпо\лабораторные работы\лаба 14\SE_Lab14\SE_Lab14\Parm.cpp(22,8): error C3861: wcsstr: идентификатор не найден
D:\уник\кпо\лабораторные работы\лаба 14\SE_Lab14\SE_Lab14\Parm.cpp(24,33): error C3861: wcslen: идентификатор не найден
D:\уник\кпо\лабораторные работы\лаба 14\SE_Lab14\SE_Lab14\Parm.cpp(24,5): error C3861: wcscpy_s: идентификатор не найден
D:\уник\кпо\лабораторные работы\лаба 14\SE_Lab14\SE_Lab14\Parm.cpp(27,8): error C3861: wcsstr: идентификатор не найден
D:\уник\кпо\лабораторные работы\лаба 14\SE_Lab14\SE_Lab14\Parm.cpp(29,34): error C3861: wcslen: идентификатор не найден
D:\уник\кпо\лабораторные работы\лаба 14\SE_Lab14\SE_Lab14\Parm.cpp(29,5): error C3861: wcscpy_s: идентификатор не найден
D:\уник\кпо\лабораторные работы\лаба 14\SE_Lab14\SE_Lab14\Parm.cpp(32,8): error C3861: wcsstr: идентификатор не найден
D:\уник\кпо\лабораторные работы\лаба 14\SE_Lab14\SE_Lab14\Parm.cpp(34,34): error C3861: wcslen: идентификатор не найден
D:\уник\кпо\лабораторные работы\лаба 14\SE_Lab14\SE_Lab14\Parm.cpp(34,5): error C3861: wcscpy_s: идентификатор не найден
D:\уник\кпо\лабораторные работы\лаба 14\SE_Lab14\SE_Lab14\Parm.cpp(45,4): error C3861: wcscpy_s: идентификатор не найден
D:\уник\кпо\лабораторные работы\лаба 14\SE_Lab14\SE_Lab14\Parm.cpp(46,4): error C3861: wcscat_s: идентификатор не найден
D:\уник\кпо\лабораторные работы\лаба 14\SE_Lab14\SE_Lab14\Parm.cpp(52,4): error C3861: wcscpy_s: идентификатор не найден
D:\уник\кпо\лабораторные работы\лаба 14\SE_Lab14\SE_Lab14\Parm.cpp(53,4): error C3861: wcscat_s: идентификатор не найден
  SE_Lab14.cpp
D:\уник\кпо\лабораторные работы\лаба 14\SE_Lab14\SE_Lab14\Log.h(12,8): error C2039: "ofstream": не является членом "std".
D:\уник\кпо\лабораторные работы\лаба 14\SE_Lab14\SE_Lab14\predefined C++ types (compiler internal)(347,11): message : см. объявление "std"
D:\уник\кпо\лабораторные работы\лаба 14\SE_Lab14\SE_Lab14\Log.h(12,16): error C2143: синтаксическая ошибка: отсутствие ";" перед "*"
D:\уник\кпо\лабораторные работы\лаба 14\SE_Lab14\SE_Lab14\Log.h(12,16): error C4430: отсутствует спецификатор типа - предполагается int. Примечание. C++ не поддерживает int по умолчанию
D:\уник\кпо\лабораторные работы\лаба 14\SE_Lab14\SE_Lab14\Log.h(12,24): error C2238: непредвиденные лексемы перед ";"
D:\уник\кпо\лабораторные работы\лаба 14\SE_Lab14\SE_Lab14\Log.h(15,33): error C2065: NULL: необъявленный идентификатор
D:\уник\кпо\лабораторные работы\лаба 14\SE_Lab14\SE_Lab14\Log.h(15,33): error C2078: слишком много инициализаторов
D:\уник\кпо\лабораторные работы\лаба 14\SE_Lab14\SE_Lab14\SE_Lab14.cpp(13,22): error C2061: синтаксическая ошибка: идентификатор "_TCHAR"
D:\уник\кпо\лабораторные работы\лаба 14\SE_Lab14\SE_Lab14\SE_Lab14.cpp(20,41): error C2065: argv: необъявленный идентификатор
D:\уник\кпо\лабораторные работы\лаба 14\SE_Lab14\SE_Lab14\SE_Lab14.cpp(31,41): error C2065: argv: необъявленный идентификатор
D:\уник\кпо\лабораторные работы\лаба 14\SE_Lab14\SE_Lab14\SE_Lab14.cpp(49,41): error C2065: argv: необъявленный идентификатор
  Создание кода...
