Microsoft (R) Macro Assembler (x64) Version 14.37.32822.0   10/24/23 12:31:25
SE_Asm02.asm						     Page 1 - 1


				.586P													; система подкоманд(процессор Pentium)
SE_Asm02.asm(1) : error A2008:syntax error : .
				.MODEL FLAT, STDCALL									; модель памяти, соглашение о вызове
SE_Asm02.asm(2) : error A2008:syntax error : .
				includelib kernel32.lib									; компановщику: компоновать с kernel32

				ExitProcess PROTO :DWORD								; прототип функции для завершения процесса Windows
				MessageBoxA PROTO :DWORD, :DWORD, :DWORD, :DWORD		; прототип API-функции MessageBoxA

				.STACK 4096										
SE_Asm02.asm(8) : error A2008:syntax error : .

 00000000			.CONST													

 00000000			.DATA				
 00000000 00000004				a dd 4	
 00000004 00000002				b dd 2
 00000008 4C 61 62 32 41			str0 db "Lab2ASM", 0 
	   53 4D 00
 00000010 D0 C5 C7 D3 CB			str1 db "РЕЗУЛЬТАТ = < >", 0 
	   DC D2 C0 D2 20
	   3D 20 3C 20 3E
	   00

 00000000			.CODE													

 00000000			main PROC												
 00000000			START :													
 00000000  8B 05 00000000 R			mov eax, a									    ; загрузка в регистр eax значения переменной a
 00000006  03 05 00000004 R			add eax, b										; сложение значений переменных a и b
 0000000C  83 C0 30				add eax, 30h 								    ; сложение 30h с результатом сложения
						
 0000000F  88 05 0000001D R			mov str1+13, al									;младшая половина подрегистра
						
						invoke MessageBoxA, 0, offset str1, offset str0, 0
SE_Asm02.asm(28) : error A2008:syntax error : MessageBoxA

 00000015  6A 00				push 0											;код возврата процесса Windows (параметр ExitProcess)
 00000017  E8 00000000 E			call ExitProcess								;так завершается любой процесс Windows
 0000001C			main ENDP

				end main								
Microsoft (R) Macro Assembler (x64) Version 14.37.32822.0   10/24/23 12:31:25
SE_Asm02.asm						     Symbols 2 - 1




Segments:

                N a m e                  Length   Align   Class

CONST  . . . . . . . . . . . . .	 00000000 16	  'CONST'	 ReadOnly


Procedures, parameters, and locals:

                N a m e                 Type     Value    Attr

ExitProcess  . . . . . . . . . .	P 	 00000000 Length= 00000000 External
MessageBoxA  . . . . . . . . . .	P 	 00000000 Length= 00000000 External
main . . . . . . . . . . . . . .	P 	 00000000 _TEXT	Length= 0000001C Public
  START  . . . . . . . . . . . .	L 	 00000000 _TEXT	


Symbols:

                N a m e                 Type     Value    Attr

a  . . . . . . . . . . . . . . .	DWord	 00000000 _DATA	
b  . . . . . . . . . . . . . . .	DWord	 00000004 _DATA	
str0 . . . . . . . . . . . . . .	Byte	 00000008 _DATA	
str1 . . . . . . . . . . . . . .	Byte	 00000010 _DATA	

	   0 Warnings
	   6 Errors
