Сборка начата 02.05.2023 11:44:21.
Уровень детализации журнала: Normal.     1>Проект "D:\уник\кпо\лабораторные работы\лаба 8\SE_Lab08\SE_Lab08\SE_Lab08.vcxproj" в узле 2 (целевые объекты Build).
     1>PrepareForBuild:
         Создание каталога "D:\уник\кпо\лабораторные работы\лаба 8\SE_Lab08\Debug\".
         Создание каталога "Debug\SE_Lab08.tlog\".
       InitializeBuildStatus:
         Создание "Debug\SE_Lab08.tlog\unsuccessfulbuild", так как было задано "AlwaysCreate".
       ClCompile:
         C:\Program Files (x86)\Microsoft Visual Studio\2019\Community\VC\Tools\MSVC\14.29.30133\bin\HostX86\x86\CL.exe /c /ZI /JMC /nologo /W3 /WX- /diagnostics:column /sdl /Od /Oy- /D WIN32 /D _DEBUG /D _CONSOLE /D _UNICODE /D UNICODE /Gm- /EHsc /RTC1 /MDd /GS /fp:precise /permissive- /Zc:wchar_t /Zc:forScope /Zc:inline /Fo"Debug\\" /Fd"Debug\vc142.pdb" /external:W3 /Gd /TP /analyze- /FC /errorReport:prompt SE_Lab08.cpp
         SE_Lab08.cpp
       Link:
         C:\Program Files (x86)\Microsoft Visual Studio\2019\Community\VC\Tools\MSVC\14.29.30133\bin\HostX86\x86\link.exe /ERRORREPORT:PROMPT /OUT:"D:\уник\кпо\лабораторные работы\лаба 8\SE_Lab08\Debug\SE_Lab08.exe" /INCREMENTAL /ILK:"Debug\SE_Lab08.ilk" /NOLOGO kernel32.lib user32.lib gdi32.lib winspool.lib comdlg32.lib advapi32.lib shell32.lib ole32.lib oleaut32.lib uuid.lib odbc32.lib odbccp32.lib /MANIFEST /MANIFESTUAC:"level='asInvoker' uiAccess='false'" /manifest:embed /DEBUG /PDB:"D:\уник\кпо\лабораторные работы\лаба 8\SE_Lab08\Debug\SE_Lab08.pdb" /SUBSYSTEM:CONSOLE /TLBID:1 /DYNAMICBASE /NXCOMPAT /IMPLIB:"D:\уник\кпо\лабораторные работы\лаба 8\SE_Lab08\Debug\SE_Lab08.lib" /MACHINE:X86 Debug\SE_Lab08.obj
         SE_Lab08.vcxproj -> D:\уник\кпо\лабораторные работы\лаба 8\SE_Lab08\Debug\SE_Lab08.exe
       FinalizeBuildStatus:
         Файл "Debug\SE_Lab08.tlog\unsuccessfulbuild" удаляется.
         Обращение к "Debug\SE_Lab08.tlog\SE_Lab08.lastbuildstate".
     1>Сборка проекта "D:\уник\кпо\лабораторные работы\лаба 8\SE_Lab08\SE_Lab08\SE_Lab08.vcxproj" завершена (целевые объекты Build).

Сборка успешно завершена.
    Предупреждений: 0
    Ошибок: 0

Прошло времени 00:00:01.76
