Microsoft (R) Macro Assembler Version 14.37.32822.0	    11/18/23 15:12:55
Source.asm						     Page 1 - 1


				.586P													; система подкоманд(процессор Pentium)
				.MODEL FLAT, STDCALL									; модель пам€ти, соглашение о вызове
				includelib kernel32.lib									; подключаем библиотеку с функцией ExitProcess, компановщику: компоновать с kernel32

				ExitProcess PROTO :DWORD								; прототип функции дл€ завершени€ процесса Windows
				MessageBoxA PROTO :DWORD, :DWORD, :DWORD, :DWORD		; прототип API-функции MessageBoxA(парам: слово без знака 4 байта)

				.STACK 4096												;сегмент стека размером 4096 ћбайт

 00000000			.CONST													;сегмент констант
					
 00000000			.DATA													;сегмент данных
 00000000 00000004				a DD 4											;определ€ет переменную размером 4 байта(двойное слово)
 00000004 00000002				b DD 2											;определ€ет переменную размером 4 байта(двойное слово)
 00000008 4C 61 62 32 41			str0 DB "Lab2ASM", 0							;символьна€ строка 1 байт, оканчиваетс€ 0 байтом
	   53 4D 00
 00000010 D0 C5 C7 D3 CB			str1 DB "–≈«”Ћ№“ј“ —Ћќ∆≈Ќ»я = < >", 0			;символьна€ строка 1 байт, оканчиваетс€ 0 байтом
	   DC D2 C0 D2 20
	   D1 CB CE C6 C5
	   CD C8 DF 20 3D
	   20 3C 20 3E 00

 00000000			.CODE													;сегмент кода

 00000000			main PROC												;дирекстива proc начало процедуры
 00000000			START :													
 00000000  A1 00000000 R			mov eax, a									    ; загрузка в регистр eax(аккумул€тор дл€ промежуточных данных) значени€ переменной a
 00000005  03 05 00000004 R			add eax, b										; сложение значений переменных a и b
 0000000B  83 C0 30				add eax, 30h 								    ; сложение 30h(суффикс 16ричной) с результатом сложени€(0)
						
 0000000E  A2 00000026 R			mov str1+22, al									;младша€ половина подрегистра имеет размер 8 бит
						
						invoke MessageBoxA, 0, offset str1, offset str0, 0	;встроенный макрос дл€ вызова функции с прототипом, offset смещение метки данных относительно сегмента

 00000026  6A 00				push 0											;код возврата процесса Windows (параметр ExitProcess)
 00000028  E8 00000000 E			call ExitProcess								;так завершаетс€ любой процесс Windows
 0000002D			main ENDP												;конец процедуры 

				end main												;последн€€ инструкци€ программы, в ней указываетс€ точка входа в программу 
Microsoft (R) Macro Assembler Version 14.37.32822.0	    11/18/23 15:12:55
Source.asm						     Symbols 2 - 1




Segments and Groups:

                N a m e                 Size     Length   Align   Combine Class

CONST  . . . . . . . . . . . . .	32 Bit	 00000000 Para	  Public  'CONST'	 ReadOnly
FLAT . . . . . . . . . . . . . .	GROUP
STACK  . . . . . . . . . . . . .	32 Bit	 00001000 Para	  Stack	  'STACK'	 
_DATA  . . . . . . . . . . . . .	32 Bit	 00000029 Para	  Public  'DATA'	
_TEXT  . . . . . . . . . . . . .	32 Bit	 0000002D Para	  Public  'CODE'	


Procedures, parameters, and locals:

                N a m e                 Type     Value    Attr

ExitProcess  . . . . . . . . . .	P Near	 00000000 FLAT	Length= 00000000 External STDCALL
MessageBoxA  . . . . . . . . . .	P Near	 00000000 FLAT	Length= 00000000 External STDCALL
main . . . . . . . . . . . . . .	P Near	 00000000 _TEXT	Length= 0000002D Public STDCALL
  START  . . . . . . . . . . . .	L Near	 00000000 _TEXT	


Symbols:

                N a m e                 Type     Value    Attr

@CodeSize  . . . . . . . . . . .	Number	 00000000h   
@DataSize  . . . . . . . . . . .	Number	 00000000h   
@Interface . . . . . . . . . . .	Number	 00000003h   
@Model . . . . . . . . . . . . .	Number	 00000007h   
@code  . . . . . . . . . . . . .	Text   	 _TEXT
@data  . . . . . . . . . . . . .	Text   	 FLAT
@fardata?  . . . . . . . . . . .	Text   	 FLAT
@fardata . . . . . . . . . . . .	Text   	 FLAT
@stack . . . . . . . . . . . . .	Text   	 FLAT
a  . . . . . . . . . . . . . . .	DWord	 00000000 _DATA	
b  . . . . . . . . . . . . . . .	DWord	 00000004 _DATA	
str0 . . . . . . . . . . . . . .	Byte	 00000008 _DATA	
str1 . . . . . . . . . . . . . .	Byte	 00000010 _DATA	

	   0 Warnings
	   0 Errors
